CRITICAL - 2022-03-08 19:50:31 --> array_push() expects parameter 1 to be array, null given
#0 [internal function]: CodeIgniter\Debug\Exceptions->errorHandler(2, 'array_push() ex...', 'D:\\UKK\\UKK\\UKK-...', 22, Array)
#1 D:\UKK\UKK\UKK-RPL-2022\app\Models\CatatanPerjalanan_model.php(22): array_push(NULL, Array)
#2 D:\UKK\UKK\UKK-RPL-2022\app\Controllers\CatatanPerjalanan.php(24): App\Models\CatatanPerjalanan_model::get_byNIK('123456')
#3 D:\UKK\UKK\UKK-RPL-2022\system\CodeIgniter.php(825): App\Controllers\CatatanPerjalanan->index()
#4 D:\UKK\UKK\UKK-RPL-2022\system\CodeIgniter.php(412): CodeIgniter\CodeIgniter->runController(Object(App\Controllers\CatatanPerjalanan))
#5 D:\UKK\UKK\UKK-RPL-2022\system\CodeIgniter.php(320): CodeIgniter\CodeIgniter->handleRequest(NULL, Object(Config\Cache), false)
#6 D:\UKK\UKK\UKK-RPL-2022\public\index.php(37): CodeIgniter\CodeIgniter->run()
#7 D:\UKK\UKK\UKK-RPL-2022\system\Commands\Server\rewrite.php(43): require_once('D:\\UKK\\UKK\\UKK-...')
#8 {main}
CRITICAL - 2022-03-08 20:11:09 --> array_push() expects parameter 1 to be array, null given
#0 [internal function]: CodeIgniter\Debug\Exceptions->errorHandler(2, 'array_push() ex...', 'D:\\UKK\\UKK\\UKK-...', 22, Array)
#1 D:\UKK\UKK\UKK-RPL-2022\app\Models\CatatanPerjalanan_model.php(22): array_push(NULL, Array)
#2 D:\UKK\UKK\UKK-RPL-2022\app\Controllers\CatatanPerjalanan.php(24): App\Models\CatatanPerjalanan_model::get_byNIK('123456')
#3 D:\UKK\UKK\UKK-RPL-2022\system\CodeIgniter.php(825): App\Controllers\CatatanPerjalanan->index()
#4 D:\UKK\UKK\UKK-RPL-2022\system\CodeIgniter.php(412): CodeIgniter\CodeIgniter->runController(Object(App\Controllers\CatatanPerjalanan))
#5 D:\UKK\UKK\UKK-RPL-2022\system\CodeIgniter.php(320): CodeIgniter\CodeIgniter->handleRequest(NULL, Object(Config\Cache), false)
#6 D:\UKK\UKK\UKK-RPL-2022\public\index.php(37): CodeIgniter\CodeIgniter->run()
#7 D:\UKK\UKK\UKK-RPL-2022\system\Commands\Server\rewrite.php(43): require_once('D:\\UKK\\UKK\\UKK-...')
#8 {main}
CRITICAL - 2022-03-08 20:12:20 --> array_push() expects parameter 1 to be array, null given
#0 [internal function]: CodeIgniter\Debug\Exceptions->errorHandler(2, 'array_push() ex...', 'D:\\UKK\\UKK\\UKK-...', 22, Array)
#1 D:\UKK\UKK\UKK-RPL-2022\app\Models\CatatanPerjalanan_model.php(22): array_push(NULL, Array)
#2 D:\UKK\UKK\UKK-RPL-2022\app\Controllers\CatatanPerjalanan.php(24): App\Models\CatatanPerjalanan_model::get_byNIK('123456')
#3 D:\UKK\UKK\UKK-RPL-2022\system\CodeIgniter.php(825): App\Controllers\CatatanPerjalanan->index()
#4 D:\UKK\UKK\UKK-RPL-2022\system\CodeIgniter.php(412): CodeIgniter\CodeIgniter->runController(Object(App\Controllers\CatatanPerjalanan))
#5 D:\UKK\UKK\UKK-RPL-2022\system\CodeIgniter.php(320): CodeIgniter\CodeIgniter->handleRequest(NULL, Object(Config\Cache), false)
#6 D:\UKK\UKK\UKK-RPL-2022\public\index.php(37): CodeIgniter\CodeIgniter->run()
#7 D:\UKK\UKK\UKK-RPL-2022\system\Commands\Server\rewrite.php(43): require_once('D:\\UKK\\UKK\\UKK-...')
#8 {main}
CRITICAL - 2022-03-08 20:12:26 --> array_push() expects parameter 1 to be array, null given
#0 [internal function]: CodeIgniter\Debug\Exceptions->errorHandler(2, 'array_push() ex...', 'D:\\UKK\\UKK\\UKK-...', 22, Array)
#1 D:\UKK\UKK\UKK-RPL-2022\app\Models\CatatanPerjalanan_model.php(22): array_push(NULL, Array)
#2 D:\UKK\UKK\UKK-RPL-2022\app\Controllers\CatatanPerjalanan.php(24): App\Models\CatatanPerjalanan_model::get_byNIK('123456')
#3 D:\UKK\UKK\UKK-RPL-2022\system\CodeIgniter.php(825): App\Controllers\CatatanPerjalanan->index()
#4 D:\UKK\UKK\UKK-RPL-2022\system\CodeIgniter.php(412): CodeIgniter\CodeIgniter->runController(Object(App\Controllers\CatatanPerjalanan))
#5 D:\UKK\UKK\UKK-RPL-2022\system\CodeIgniter.php(320): CodeIgniter\CodeIgniter->handleRequest(NULL, Object(Config\Cache), false)
#6 D:\UKK\UKK\UKK-RPL-2022\public\index.php(37): CodeIgniter\CodeIgniter->run()
#7 D:\UKK\UKK\UKK-RPL-2022\system\Commands\Server\rewrite.php(43): require_once('D:\\UKK\\UKK\\UKK-...')
#8 {main}
CRITICAL - 2022-03-08 20:13:09 --> Undefined index: nik
#0 D:\UKK\UKK\UKK-RPL-2022\app\Models\CatatanPerjalanan_model.php(21): CodeIgniter\Debug\Exceptions->errorHandler(8, 'Undefined index...', 'D:\\UKK\\UKK\\UKK-...', 21, Array)
#1 D:\UKK\UKK\UKK-RPL-2022\app\Controllers\CatatanPerjalanan.php(24): App\Models\CatatanPerjalanan_model::get_byNIK('123456')
#2 D:\UKK\UKK\UKK-RPL-2022\system\CodeIgniter.php(825): App\Controllers\CatatanPerjalanan->index()
#3 D:\UKK\UKK\UKK-RPL-2022\system\CodeIgniter.php(412): CodeIgniter\CodeIgniter->runController(Object(App\Controllers\CatatanPerjalanan))
#4 D:\UKK\UKK\UKK-RPL-2022\system\CodeIgniter.php(320): CodeIgniter\CodeIgniter->handleRequest(NULL, Object(Config\Cache), false)
#5 D:\UKK\UKK\UKK-RPL-2022\public\index.php(37): CodeIgniter\CodeIgniter->run()
#6 D:\UKK\UKK\UKK-RPL-2022\system\Commands\Server\rewrite.php(43): require_once('D:\\UKK\\UKK\\UKK-...')
#7 {main}
CRITICAL - 2022-03-08 20:14:41 --> Undefined index: nik
#0 D:\UKK\UKK\UKK-RPL-2022\app\Models\CatatanPerjalanan_model.php(21): CodeIgniter\Debug\Exceptions->errorHandler(8, 'Undefined index...', 'D:\\UKK\\UKK\\UKK-...', 21, Array)
#1 D:\UKK\UKK\UKK-RPL-2022\app\Controllers\CatatanPerjalanan.php(24): App\Models\CatatanPerjalanan_model::get_byNIK('123456')
#2 D:\UKK\UKK\UKK-RPL-2022\system\CodeIgniter.php(825): App\Controllers\CatatanPerjalanan->index()
#3 D:\UKK\UKK\UKK-RPL-2022\system\CodeIgniter.php(412): CodeIgniter\CodeIgniter->runController(Object(App\Controllers\CatatanPerjalanan))
#4 D:\UKK\UKK\UKK-RPL-2022\system\CodeIgniter.php(320): CodeIgniter\CodeIgniter->handleRequest(NULL, Object(Config\Cache), false)
#5 D:\UKK\UKK\UKK-RPL-2022\public\index.php(37): CodeIgniter\CodeIgniter->run()
#6 D:\UKK\UKK\UKK-RPL-2022\system\Commands\Server\rewrite.php(43): require_once('D:\\UKK\\UKK\\UKK-...')
#7 {main}
CRITICAL - 2022-03-08 20:15:27 --> Undefined index: nik
#0 D:\UKK\UKK\UKK-RPL-2022\app\Models\CatatanPerjalanan_model.php(21): CodeIgniter\Debug\Exceptions->errorHandler(8, 'Undefined index...', 'D:\\UKK\\UKK\\UKK-...', 21, Array)
#1 D:\UKK\UKK\UKK-RPL-2022\app\Controllers\CatatanPerjalanan.php(24): App\Models\CatatanPerjalanan_model::get_byNIK('123456')
#2 D:\UKK\UKK\UKK-RPL-2022\system\CodeIgniter.php(825): App\Controllers\CatatanPerjalanan->index()
#3 D:\UKK\UKK\UKK-RPL-2022\system\CodeIgniter.php(412): CodeIgniter\CodeIgniter->runController(Object(App\Controllers\CatatanPerjalanan))
#4 D:\UKK\UKK\UKK-RPL-2022\system\CodeIgniter.php(320): CodeIgniter\CodeIgniter->handleRequest(NULL, Object(Config\Cache), false)
#5 D:\UKK\UKK\UKK-RPL-2022\public\index.php(37): CodeIgniter\CodeIgniter->run()
#6 D:\UKK\UKK\UKK-RPL-2022\system\Commands\Server\rewrite.php(43): require_once('D:\\UKK\\UKK\\UKK-...')
#7 {main}
