CRITICAL - 2022-02-06 23:09:35 --> Class 'App\Models\User' not found
#0 D:\UKK\codeigniter4-CodeIgniter4-70d881c\system\CodeIgniter.php(825): App\Controllers\Auth->login()
#1 D:\UKK\codeigniter4-CodeIgniter4-70d881c\system\CodeIgniter.php(412): CodeIgniter\CodeIgniter->runController(Object(App\Controllers\Auth))
#2 D:\UKK\codeigniter4-CodeIgniter4-70d881c\system\CodeIgniter.php(320): CodeIgniter\CodeIgniter->handleRequest(NULL, Object(Config\Cache), false)
#3 D:\UKK\codeigniter4-CodeIgniter4-70d881c\public\index.php(37): CodeIgniter\CodeIgniter->run()
#4 D:\UKK\codeigniter4-CodeIgniter4-70d881c\system\Commands\Server\rewrite.php(43): require_once('D:\\UKK\\codeigni...')
#5 {main}
CRITICAL - 2022-02-06 23:12:37 --> Class 'App\Models\User' not found
#0 D:\UKK\codeigniter4-CodeIgniter4-70d881c\system\CodeIgniter.php(825): App\Controllers\Auth->login()
#1 D:\UKK\codeigniter4-CodeIgniter4-70d881c\system\CodeIgniter.php(412): CodeIgniter\CodeIgniter->runController(Object(App\Controllers\Auth))
#2 D:\UKK\codeigniter4-CodeIgniter4-70d881c\system\CodeIgniter.php(320): CodeIgniter\CodeIgniter->handleRequest(NULL, Object(Config\Cache), false)
#3 D:\UKK\codeigniter4-CodeIgniter4-70d881c\public\index.php(37): CodeIgniter\CodeIgniter->run()
#4 D:\UKK\codeigniter4-CodeIgniter4-70d881c\system\Commands\Server\rewrite.php(43): require_once('D:\\UKK\\codeigni...')
#5 {main}
CRITICAL - 2022-02-06 23:19:46 --> Class 'App\Models\User' not found
#0 D:\UKK\codeigniter4-CodeIgniter4-70d881c\system\CodeIgniter.php(825): App\Controllers\Auth->login()
#1 D:\UKK\codeigniter4-CodeIgniter4-70d881c\system\CodeIgniter.php(412): CodeIgniter\CodeIgniter->runController(Object(App\Controllers\Auth))
#2 D:\UKK\codeigniter4-CodeIgniter4-70d881c\system\CodeIgniter.php(320): CodeIgniter\CodeIgniter->handleRequest(NULL, Object(Config\Cache), false)
#3 D:\UKK\codeigniter4-CodeIgniter4-70d881c\public\index.php(37): CodeIgniter\CodeIgniter->run()
#4 D:\UKK\codeigniter4-CodeIgniter4-70d881c\system\Commands\Server\rewrite.php(43): require_once('D:\\UKK\\codeigni...')
#5 {main}
CRITICAL - 2022-02-06 23:21:01 --> Class 'App\Models\User' not found
#0 D:\UKK\codeigniter4-CodeIgniter4-70d881c\system\CodeIgniter.php(825): App\Controllers\Auth->login()
#1 D:\UKK\codeigniter4-CodeIgniter4-70d881c\system\CodeIgniter.php(412): CodeIgniter\CodeIgniter->runController(Object(App\Controllers\Auth))
#2 D:\UKK\codeigniter4-CodeIgniter4-70d881c\system\CodeIgniter.php(320): CodeIgniter\CodeIgniter->handleRequest(NULL, Object(Config\Cache), false)
#3 D:\UKK\codeigniter4-CodeIgniter4-70d881c\public\index.php(37): CodeIgniter\CodeIgniter->run()
#4 D:\UKK\codeigniter4-CodeIgniter4-70d881c\system\Commands\Server\rewrite.php(43): require_once('D:\\UKK\\codeigni...')
#5 {main}
CRITICAL - 2022-02-06 23:31:50 --> Class 'App\Models\User' not found
#0 D:\UKK\codeigniter4-CodeIgniter4-70d881c\system\CodeIgniter.php(825): App\Controllers\Auth->login()
#1 D:\UKK\codeigniter4-CodeIgniter4-70d881c\system\CodeIgniter.php(412): CodeIgniter\CodeIgniter->runController(Object(App\Controllers\Auth))
#2 D:\UKK\codeigniter4-CodeIgniter4-70d881c\system\CodeIgniter.php(320): CodeIgniter\CodeIgniter->handleRequest(NULL, Object(Config\Cache), false)
#3 D:\UKK\codeigniter4-CodeIgniter4-70d881c\public\index.php(37): CodeIgniter\CodeIgniter->run()
#4 D:\UKK\codeigniter4-CodeIgniter4-70d881c\system\Commands\Server\rewrite.php(43): require_once('D:\\UKK\\codeigni...')
#5 {main}
CRITICAL - 2022-02-06 23:37:14 --> Class 'App\Models\User' not found
#0 D:\UKK\codeigniter4-CodeIgniter4-70d881c\system\CodeIgniter.php(825): App\Controllers\Auth->login()
#1 D:\UKK\codeigniter4-CodeIgniter4-70d881c\system\CodeIgniter.php(412): CodeIgniter\CodeIgniter->runController(Object(App\Controllers\Auth))
#2 D:\UKK\codeigniter4-CodeIgniter4-70d881c\system\CodeIgniter.php(320): CodeIgniter\CodeIgniter->handleRequest(NULL, Object(Config\Cache), false)
#3 D:\UKK\codeigniter4-CodeIgniter4-70d881c\public\index.php(37): CodeIgniter\CodeIgniter->run()
#4 D:\UKK\codeigniter4-CodeIgniter4-70d881c\system\Commands\Server\rewrite.php(43): require_once('D:\\UKK\\codeigni...')
#5 {main}
CRITICAL - 2022-02-06 23:41:08 --> Class 'App\Models\User' not found
#0 D:\UKK\codeigniter4-CodeIgniter4-70d881c\system\CodeIgniter.php(825): App\Controllers\Auth->register()
#1 D:\UKK\codeigniter4-CodeIgniter4-70d881c\system\CodeIgniter.php(412): CodeIgniter\CodeIgniter->runController(Object(App\Controllers\Auth))
#2 D:\UKK\codeigniter4-CodeIgniter4-70d881c\system\CodeIgniter.php(320): CodeIgniter\CodeIgniter->handleRequest(NULL, Object(Config\Cache), false)
#3 D:\UKK\codeigniter4-CodeIgniter4-70d881c\public\index.php(37): CodeIgniter\CodeIgniter->run()
#4 D:\UKK\codeigniter4-CodeIgniter4-70d881c\system\Commands\Server\rewrite.php(43): require_once('D:\\UKK\\codeigni...')
#5 {main}
CRITICAL - 2022-02-06 23:45:23 --> Class 'App\Models\User' not found
#0 D:\UKK\codeigniter4-CodeIgniter4-70d881c\system\CodeIgniter.php(825): App\Controllers\Auth->login()
#1 D:\UKK\codeigniter4-CodeIgniter4-70d881c\system\CodeIgniter.php(412): CodeIgniter\CodeIgniter->runController(Object(App\Controllers\Auth))
#2 D:\UKK\codeigniter4-CodeIgniter4-70d881c\system\CodeIgniter.php(320): CodeIgniter\CodeIgniter->handleRequest(NULL, Object(Config\Cache), false)
#3 D:\UKK\codeigniter4-CodeIgniter4-70d881c\public\index.php(37): CodeIgniter\CodeIgniter->run()
#4 D:\UKK\codeigniter4-CodeIgniter4-70d881c\system\Commands\Server\rewrite.php(43): require_once('D:\\UKK\\codeigni...')
#5 {main}
